<?xml version="1.0" encoding="UTF-8"?>
<testsuite xmlns:xsi="http://www.w3.org/2001/XMLSchema-instance" xsi:noNamespaceSchemaLocation="https://maven.apache.org/surefire/maven-surefire-plugin/xsd/surefire-test-report-3.0.xsd" version="3.0" name="com.autoestudo.backEnd.AutoEstutoApplicationTests" time="5.702" tests="1" errors="0" skipped="0" failures="0">
  <properties>
[...]
</properties>
  <testcase name="contextLoads" classname="com.autoestudo.backEnd.AutoEstutoApplicationTests" time="0.574">
    <system-out><![CDATA[11:17:28.298 [main] INFO org.springframework.test.context.support.AnnotationConfigContextLoaderUtils -- Could not detect default configuration classes for test class [com.autoestudo.backEnd.AutoEstutoApplicationTests]: AutoEstutoApplicationTests does not declare any static, non-private, non-final, nested classes annotated with @Configuration.
11:17:28.439 [main] INFO org.springframework.boot.test.context.SpringBootTestContextBootstrapper -- Found @SpringBootConfiguration com.autoestudo.backEnd.AutoEstutoApplication for test class com.autoestudo.backEnd.AutoEstutoApplicationTests

  .   ____          _            __ _ _
 /\\ / ___'_ __ _ _(_)_ __  __ _ \ \ \ \
( ( )\___ | '_ | '_| | '_ \/ _` | \ \ \ \
 \\/  ___)| |_)| | | | | || (_| |  ) ) ) )
  '  |____| .__|_| |_|_| |_\__, | / / / /
 =========|_|==============|___/=/_/_/_/
 :: Spring Boot ::                (v3.1.4)

2025-04-15T11:17:28.896-03:00  INFO 87180 --- [           main] c.a.backEnd.AutoEstutoApplicationTests   : Starting AutoEstutoApplicationTests using Java 17.0.14 with PID 87180 (started by brenogonzaga in /home/brenogonzaga/Dev/backEnd)
2025-04-15T11:17:28.898-03:00  INFO 87180 --- [           main] c.a.backEnd.AutoEstutoApplicationTests   : No active profile set, falling back to 1 default profile: "default"
2025-04-15T11:17:29.596-03:00  INFO 87180 --- [           main] .s.d.r.c.RepositoryConfigurationDelegate : Bootstrapping Spring Data JPA repositories in DEFAULT mode.
2025-04-15T11:17:29.658-03:00  INFO 87180 --- [           main] .s.d.r.c.RepositoryConfigurationDelegate : Finished Spring Data repository scanning in 53 ms. Found 2 JPA repository interfaces.
2025-04-15T11:17:30.198-03:00  INFO 87180 --- [           main] o.hibernate.jpa.internal.util.LogHelper  : HHH000204: Processing PersistenceUnitInfo [name: default]
2025-04-15T11:17:30.263-03:00  INFO 87180 --- [           main] org.hibernate.Version                    : HHH000412: Hibernate ORM core version 6.2.9.Final
2025-04-15T11:17:30.266-03:00  INFO 87180 --- [           main] org.hibernate.cfg.Environment            : HHH000406: Using bytecode reflection optimizer
2025-04-15T11:17:30.425-03:00  INFO 87180 --- [           main] o.h.b.i.BytecodeProviderInitiator        : HHH000021: Bytecode provider name : bytebuddy
2025-04-15T11:17:30.554-03:00  INFO 87180 --- [           main] o.s.o.j.p.SpringPersistenceUnitInfo      : No LoadTimeWeaver setup: ignoring JPA class transformer
2025-04-15T11:17:30.573-03:00  INFO 87180 --- [           main] com.zaxxer.hikari.HikariDataSource       : HikariPool-1 - Starting...
2025-04-15T11:17:30.784-03:00  INFO 87180 --- [           main] com.zaxxer.hikari.pool.HikariPool        : HikariPool-1 - Added connection com.mysql.cj.jdbc.ConnectionImpl@2e3f324e
2025-04-15T11:17:30.786-03:00  INFO 87180 --- [           main] com.zaxxer.hikari.HikariDataSource       : HikariPool-1 - Start completed.
2025-04-15T11:17:31.300-03:00  INFO 87180 --- [           main] o.h.b.i.BytecodeProviderInitiator        : HHH000021: Bytecode provider name : bytebuddy
2025-04-15T11:17:31.905-03:00  INFO 87180 --- [           main] o.h.e.t.j.p.i.JtaPlatformInitiator       : HHH000490: Using JtaPlatform implementation: [org.hibernate.engine.transaction.jta.platform.internal.NoJtaPlatform]
2025-04-15T11:17:32.055-03:00  INFO 87180 --- [           main] j.LocalContainerEntityManagerFactoryBean : Initialized JPA EntityManagerFactory for persistence unit 'default'
2025-04-15T11:17:32.499-03:00  WARN 87180 --- [           main] JpaBaseConfiguration$JpaWebConfiguration : spring.jpa.open-in-view is enabled by default. Therefore, database queries may be performed during view rendering. Explicitly configure spring.jpa.open-in-view to disable this warning
2025-04-15T11:17:32.541-03:00  WARN 87180 --- [           main] .s.s.UserDetailsServiceAutoConfiguration : 

Using generated security password: fb255a13-4ffe-4270-9c4a-3267fb4fb623

This generated password is for development use only. Your security configuration must be updated before running your application in production.

2025-04-15T11:17:32.691-03:00  INFO 87180 --- [           main] o.s.s.web.DefaultSecurityFilterChain     : Will secure any request with [org.springframework.security.web.session.DisableEncodeUrlFilter@64df8422, org.springframework.security.web.context.request.async.WebAsyncManagerIntegrationFilter@2b30b627, org.springframework.security.web.context.SecurityContextHolderFilter@245b0bd7, org.springframework.security.web.header.HeaderWriterFilter@5169db2f, org.springframework.web.filter.CorsFilter@5fa9971f, org.springframework.security.web.authentication.logout.LogoutFilter@558ed473, org.springframework.security.web.savedrequest.RequestCacheAwareFilter@2748bd6c, org.springframework.security.web.servletapi.SecurityContextHolderAwareRequestFilter@37b1218, org.springframework.security.web.authentication.AnonymousAuthenticationFilter@70a24463, org.springframework.security.web.access.ExceptionTranslationFilter@e08d871, org.springframework.security.web.access.intercept.AuthorizationFilter@4fd00e10]
2025-04-15T11:17:33.215-03:00  INFO 87180 --- [           main] c.a.backEnd.AutoEstutoApplicationTests   : Started AutoEstutoApplicationTests in 4.624 seconds (process running for 5.611)
]]></system-out>
  </testcase>
</testsuite>